{"C:\\Users\\User PC\\Desktop\\vidly\\index.js": {"path":"C:\\Users\\User PC\\Desktop\\vidly\\index.js","statementMap":{"0":{"start":{"line":1,"column":16},"end":{"line":1,"column":34}},"1":{"start":{"line":2,"column":16},"end":{"line":2,"column":34}},"2":{"start":{"line":3,"column":12},"end":{"line":3,"column":21}},"3":{"start":{"line":5,"column":0},"end":{"line":5,"column":31}},"4":{"start":{"line":6,"column":0},"end":{"line":6,"column":33}},"5":{"start":{"line":7,"column":0},"end":{"line":7,"column":26}},"6":{"start":{"line":8,"column":0},"end":{"line":8,"column":30}},"7":{"start":{"line":9,"column":0},"end":{"line":9,"column":34}},"8":{"start":{"line":11,"column":13},"end":{"line":11,"column":37}},"9":{"start":{"line":12,"column":15},"end":{"line":12,"column":83}},"10":{"start":{"line":12,"column":38},"end":{"line":12,"column":82}},"11":{"start":{"line":14,"column":0},"end":{"line":14,"column":24}}},"fnMap":{"0":{"name":"(anonymous_0)","decl":{"start":{"line":12,"column":32},"end":{"line":12,"column":33}},"loc":{"start":{"line":12,"column":38},"end":{"line":12,"column":82}},"line":12}},"branchMap":{"0":{"loc":{"start":{"line":11,"column":13},"end":{"line":11,"column":37}},"type":"binary-expr","locations":[{"start":{"line":11,"column":13},"end":{"line":11,"column":29}},{"start":{"line":11,"column":33},"end":{"line":11,"column":37}}],"line":11}},"s":{"0":3,"1":3,"2":3,"3":3,"4":3,"5":3,"6":3,"7":3,"8":3,"9":3,"10":3,"11":3},"f":{"0":3},"b":{"0":[3,0]},"_coverageSchema":"1a1c01bbd47fc00a2c39e90264f33305004495a9","hash":"d2500e0708b9195522f0c49a28914d18b756077a"}
,"C:\\Users\\User PC\\Desktop\\vidly\\middleware\\admin.js": {"path":"C:\\Users\\User PC\\Desktop\\vidly\\middleware\\admin.js","statementMap":{"0":{"start":{"line":2,"column":0},"end":{"line":11,"column":2}},"1":{"start":{"line":8,"column":2},"end":{"line":8,"column":71}},"2":{"start":{"line":8,"column":25},"end":{"line":8,"column":71}},"3":{"start":{"line":10,"column":2},"end":{"line":10,"column":9}}},"fnMap":{"0":{"name":"(anonymous_0)","decl":{"start":{"line":2,"column":17},"end":{"line":2,"column":18}},"loc":{"start":{"line":2,"column":42},"end":{"line":11,"column":1}},"line":2}},"branchMap":{"0":{"loc":{"start":{"line":8,"column":2},"end":{"line":8,"column":71}},"type":"if","locations":[{"start":{"line":8,"column":2},"end":{"line":8,"column":71}},{"start":{},"end":{}}],"line":8}},"s":{"0":3,"1":5,"2":1,"3":4},"f":{"0":5},"b":{"0":[1,4]},"_coverageSchema":"1a1c01bbd47fc00a2c39e90264f33305004495a9","hash":"fe7c4a11e35e91de64128fe9c852c962e2089248"}
,"C:\\Users\\User PC\\Desktop\\vidly\\middleware\\auth.js": {"path":"C:\\Users\\User PC\\Desktop\\vidly\\middleware\\auth.js","statementMap":{"0":{"start":{"line":1,"column":12},"end":{"line":1,"column":35}},"1":{"start":{"line":2,"column":15},"end":{"line":2,"column":32}},"2":{"start":{"line":4,"column":0},"end":{"line":16,"column":2}},"3":{"start":{"line":5,"column":14},"end":{"line":5,"column":40}},"4":{"start":{"line":6,"column":2},"end":{"line":6,"column":79}},"5":{"start":{"line":6,"column":14},"end":{"line":6,"column":79}},"6":{"start":{"line":8,"column":2},"end":{"line":15,"column":3}},"7":{"start":{"line":9,"column":20},"end":{"line":9,"column":66}},"8":{"start":{"line":10,"column":4},"end":{"line":10,"column":23}},"9":{"start":{"line":11,"column":4},"end":{"line":11,"column":11}},"10":{"start":{"line":14,"column":4},"end":{"line":14,"column":43}}},"fnMap":{"0":{"name":"(anonymous_0)","decl":{"start":{"line":4,"column":17},"end":{"line":4,"column":18}},"loc":{"start":{"line":4,"column":42},"end":{"line":16,"column":1}},"line":4}},"branchMap":{"0":{"loc":{"start":{"line":6,"column":2},"end":{"line":6,"column":79}},"type":"if","locations":[{"start":{"line":6,"column":2},"end":{"line":6,"column":79}},{"start":{},"end":{}}],"line":6}},"s":{"0":4,"1":4,"2":4,"3":32,"4":32,"5":5,"6":27,"7":27,"8":26,"9":26,"10":1},"f":{"0":32},"b":{"0":[5,27]},"_coverageSchema":"1a1c01bbd47fc00a2c39e90264f33305004495a9","hash":"341f3abb12855637b7315b1b84b592d7009abbb8"}
,"C:\\Users\\User PC\\Desktop\\vidly\\middleware\\error.js": {"path":"C:\\Users\\User PC\\Desktop\\vidly\\middleware\\error.js","statementMap":{"0":{"start":{"line":1,"column":16},"end":{"line":1,"column":34}},"1":{"start":{"line":3,"column":0},"end":{"line":14,"column":1}},"2":{"start":{"line":4,"column":2},"end":{"line":4,"column":34}},"3":{"start":{"line":13,"column":2},"end":{"line":13,"column":44}}},"fnMap":{"0":{"name":"(anonymous_0)","decl":{"start":{"line":3,"column":17},"end":{"line":3,"column":18}},"loc":{"start":{"line":3,"column":46},"end":{"line":14,"column":1}},"line":3}},"branchMap":{},"s":{"0":3,"1":3,"2":0,"3":0},"f":{"0":0},"b":{},"_coverageSchema":"1a1c01bbd47fc00a2c39e90264f33305004495a9","hash":"a7d461b40e1218d6a90a4a170c54fa7159a221b0"}
,"C:\\Users\\User PC\\Desktop\\vidly\\middleware\\validate.js": {"path":"C:\\Users\\User PC\\Desktop\\vidly\\middleware\\validate.js","statementMap":{"0":{"start":{"line":2,"column":0},"end":{"line":8,"column":3}},"1":{"start":{"line":3,"column":4},"end":{"line":7,"column":5}},"2":{"start":{"line":4,"column":24},"end":{"line":4,"column":43}},"3":{"start":{"line":5,"column":6},"end":{"line":5,"column":71}},"4":{"start":{"line":5,"column":17},"end":{"line":5,"column":71}},"5":{"start":{"line":6,"column":6},"end":{"line":6,"column":13}}},"fnMap":{"0":{"name":"(anonymous_0)","decl":{"start":{"line":2,"column":17},"end":{"line":2,"column":18}},"loc":{"start":{"line":2,"column":32},"end":{"line":8,"column":3}},"line":2},"1":{"name":"(anonymous_1)","decl":{"start":{"line":3,"column":11},"end":{"line":3,"column":12}},"loc":{"start":{"line":3,"column":31},"end":{"line":7,"column":5}},"line":3}},"branchMap":{"0":{"loc":{"start":{"line":5,"column":6},"end":{"line":5,"column":71}},"type":"if","locations":[{"start":{"line":5,"column":6},"end":{"line":5,"column":71}},{"start":{},"end":{}}],"line":5}},"s":{"0":3,"1":3,"2":9,"3":9,"4":2,"5":7},"f":{"0":3,"1":9},"b":{"0":[2,7]},"_coverageSchema":"1a1c01bbd47fc00a2c39e90264f33305004495a9","hash":"3b5464ba00b45c4dd1f411b15d3be131afce219a"}
,"C:\\Users\\User PC\\Desktop\\vidly\\middleware\\validateObjectId.js": {"path":"C:\\Users\\User PC\\Desktop\\vidly\\middleware\\validateObjectId.js","statementMap":{"0":{"start":{"line":1,"column":17},"end":{"line":1,"column":36}},"1":{"start":{"line":3,"column":0},"end":{"line":8,"column":1}},"2":{"start":{"line":4,"column":2},"end":{"line":5,"column":47}},"3":{"start":{"line":5,"column":4},"end":{"line":5,"column":47}},"4":{"start":{"line":7,"column":2},"end":{"line":7,"column":9}}},"fnMap":{"0":{"name":"(anonymous_0)","decl":{"start":{"line":3,"column":17},"end":{"line":3,"column":18}},"loc":{"start":{"line":3,"column":42},"end":{"line":8,"column":1}},"line":3}},"branchMap":{"0":{"loc":{"start":{"line":4,"column":2},"end":{"line":5,"column":47}},"type":"if","locations":[{"start":{"line":4,"column":2},"end":{"line":5,"column":47}},{"start":{},"end":{}}],"line":4}},"s":{"0":3,"1":3,"2":13,"3":3,"4":10},"f":{"0":13},"b":{"0":[3,10]},"_coverageSchema":"1a1c01bbd47fc00a2c39e90264f33305004495a9","hash":"112d982f22b82ffc655b06c6af1935ea9b9c9a96"}
,"C:\\Users\\User PC\\Desktop\\vidly\\models\\customer.js": {"path":"C:\\Users\\User PC\\Desktop\\vidly\\models\\customer.js","statementMap":{"0":{"start":{"line":1,"column":12},"end":{"line":1,"column":26}},"1":{"start":{"line":2,"column":17},"end":{"line":2,"column":36}},"2":{"start":{"line":4,"column":17},"end":{"line":21,"column":3}},"3":{"start":{"line":24,"column":17},"end":{"line":28,"column":4}},"4":{"start":{"line":30,"column":2},"end":{"line":30,"column":35}},"5":{"start":{"line":33,"column":0},"end":{"line":33,"column":28}},"6":{"start":{"line":34,"column":0},"end":{"line":34,"column":36}}},"fnMap":{"0":{"name":"validateCustomer","decl":{"start":{"line":23,"column":9},"end":{"line":23,"column":25}},"loc":{"start":{"line":23,"column":36},"end":{"line":31,"column":1}},"line":23}},"branchMap":{},"s":{"0":3,"1":3,"2":3,"3":0,"4":0,"5":3,"6":3},"f":{"0":0},"b":{},"_coverageSchema":"1a1c01bbd47fc00a2c39e90264f33305004495a9","hash":"a0bbca1fa0ffa4e8af269c5fe88ebb2f68f02392"}
,"C:\\Users\\User PC\\Desktop\\vidly\\models\\genre.js": {"path":"C:\\Users\\User PC\\Desktop\\vidly\\models\\genre.js","statementMap":{"0":{"start":{"line":1,"column":12},"end":{"line":1,"column":26}},"1":{"start":{"line":2,"column":17},"end":{"line":2,"column":36}},"2":{"start":{"line":4,"column":20},"end":{"line":11,"column":2}},"3":{"start":{"line":13,"column":14},"end":{"line":13,"column":50}},"4":{"start":{"line":16,"column":17},"end":{"line":18,"column":4}},"5":{"start":{"line":20,"column":2},"end":{"line":20,"column":32}},"6":{"start":{"line":23,"column":0},"end":{"line":23,"column":34}},"7":{"start":{"line":24,"column":0},"end":{"line":24,"column":22}},"8":{"start":{"line":25,"column":0},"end":{"line":25,"column":33}}},"fnMap":{"0":{"name":"validateGenre","decl":{"start":{"line":15,"column":9},"end":{"line":15,"column":22}},"loc":{"start":{"line":15,"column":30},"end":{"line":21,"column":1}},"line":15}},"branchMap":{},"s":{"0":3,"1":3,"2":3,"3":3,"4":10,"5":10,"6":3,"7":3,"8":3},"f":{"0":10},"b":{},"_coverageSchema":"1a1c01bbd47fc00a2c39e90264f33305004495a9","hash":"deb9a39b59ec5e3588ac391c721bb6cf8eed6d5a"}
,"C:\\Users\\User PC\\Desktop\\vidly\\models\\movie.js": {"path":"C:\\Users\\User PC\\Desktop\\vidly\\models\\movie.js","statementMap":{"0":{"start":{"line":1,"column":12},"end":{"line":1,"column":26}},"1":{"start":{"line":2,"column":17},"end":{"line":2,"column":36}},"2":{"start":{"line":3,"column":24},"end":{"line":3,"column":42}},"3":{"start":{"line":5,"column":14},"end":{"line":29,"column":3}},"4":{"start":{"line":32,"column":17},"end":{"line":37,"column":4}},"5":{"start":{"line":39,"column":2},"end":{"line":39,"column":32}},"6":{"start":{"line":42,"column":0},"end":{"line":42,"column":22}},"7":{"start":{"line":43,"column":0},"end":{"line":43,"column":33}}},"fnMap":{"0":{"name":"validateMovie","decl":{"start":{"line":31,"column":9},"end":{"line":31,"column":22}},"loc":{"start":{"line":31,"column":30},"end":{"line":40,"column":1}},"line":31}},"branchMap":{},"s":{"0":3,"1":3,"2":3,"3":3,"4":0,"5":0,"6":3,"7":3},"f":{"0":0},"b":{},"_coverageSchema":"1a1c01bbd47fc00a2c39e90264f33305004495a9","hash":"4d821f29ea8fa11bf87b0a6a9f63db349794c414"}
,"C:\\Users\\User PC\\Desktop\\vidly\\models\\rental.js": {"path":"C:\\Users\\User PC\\Desktop\\vidly\\models\\rental.js","statementMap":{"0":{"start":{"line":1,"column":12},"end":{"line":1,"column":26}},"1":{"start":{"line":2,"column":17},"end":{"line":2,"column":36}},"2":{"start":{"line":3,"column":15},"end":{"line":3,"column":32}},"3":{"start":{"line":5,"column":21},"end":{"line":57,"column":2}},"4":{"start":{"line":59,"column":0},"end":{"line":64,"column":2}},"5":{"start":{"line":60,"column":2},"end":{"line":63,"column":5}},"6":{"start":{"line":66,"column":0},"end":{"line":71,"column":2}},"7":{"start":{"line":67,"column":2},"end":{"line":67,"column":33}},"8":{"start":{"line":69,"column":21},"end":{"line":69,"column":56}},"9":{"start":{"line":70,"column":2},"end":{"line":70,"column":59}},"10":{"start":{"line":73,"column":15},"end":{"line":73,"column":53}},"11":{"start":{"line":76,"column":17},"end":{"line":79,"column":4}},"12":{"start":{"line":80,"column":2},"end":{"line":80,"column":33}},"13":{"start":{"line":84,"column":0},"end":{"line":84,"column":44}}},"fnMap":{"0":{"name":"(anonymous_0)","decl":{"start":{"line":59,"column":30},"end":{"line":59,"column":31}},"loc":{"start":{"line":59,"column":60},"end":{"line":64,"column":1}},"line":59},"1":{"name":"(anonymous_1)","decl":{"start":{"line":66,"column":30},"end":{"line":66,"column":31}},"loc":{"start":{"line":66,"column":41},"end":{"line":71,"column":1}},"line":66},"2":{"name":"validateRental","decl":{"start":{"line":75,"column":9},"end":{"line":75,"column":23}},"loc":{"start":{"line":75,"column":32},"end":{"line":82,"column":1}},"line":75}},"branchMap":{},"s":{"0":3,"1":3,"2":3,"3":3,"4":3,"5":7,"6":3,"7":5,"8":5,"9":5,"10":3,"11":0,"12":0,"13":3},"f":{"0":7,"1":5,"2":0},"b":{},"_coverageSchema":"1a1c01bbd47fc00a2c39e90264f33305004495a9","hash":"a8171ad523621e6763e97a997c3f26b0f24b626f"}
,"C:\\Users\\User PC\\Desktop\\vidly\\models\\user.js": {"path":"C:\\Users\\User PC\\Desktop\\vidly\\models\\user.js","statementMap":{"0":{"start":{"line":1,"column":15},"end":{"line":1,"column":32}},"1":{"start":{"line":2,"column":12},"end":{"line":2,"column":35}},"2":{"start":{"line":3,"column":12},"end":{"line":3,"column":26}},"3":{"start":{"line":4,"column":17},"end":{"line":4,"column":36}},"4":{"start":{"line":6,"column":19},"end":{"line":27,"column":2}},"5":{"start":{"line":29,"column":0},"end":{"line":32,"column":2}},"6":{"start":{"line":30,"column":16},"end":{"line":30,"column":95}},"7":{"start":{"line":31,"column":2},"end":{"line":31,"column":15}},"8":{"start":{"line":34,"column":13},"end":{"line":34,"column":47}},"9":{"start":{"line":37,"column":17},"end":{"line":41,"column":4}},"10":{"start":{"line":43,"column":2},"end":{"line":43,"column":31}},"11":{"start":{"line":46,"column":0},"end":{"line":46,"column":20}},"12":{"start":{"line":47,"column":0},"end":{"line":47,"column":32}}},"fnMap":{"0":{"name":"(anonymous_0)","decl":{"start":{"line":29,"column":39},"end":{"line":29,"column":40}},"loc":{"start":{"line":29,"column":51},"end":{"line":32,"column":1}},"line":29},"1":{"name":"validateUser","decl":{"start":{"line":36,"column":9},"end":{"line":36,"column":21}},"loc":{"start":{"line":36,"column":28},"end":{"line":44,"column":1}},"line":36}},"branchMap":{},"s":{"0":5,"1":5,"2":5,"3":5,"4":5,"5":5,"6":47,"7":47,"8":5,"9":0,"10":0,"11":5,"12":5},"f":{"0":47,"1":0},"b":{},"_coverageSchema":"1a1c01bbd47fc00a2c39e90264f33305004495a9","hash":"650ec4758c32a0985a7a7065d834e36f794a3b54"}
,"C:\\Users\\User PC\\Desktop\\vidly\\routes\\auth.js": {"path":"C:\\Users\\User PC\\Desktop\\vidly\\routes\\auth.js","statementMap":{"0":{"start":{"line":1,"column":12},"end":{"line":1,"column":26}},"1":{"start":{"line":2,"column":15},"end":{"line":2,"column":32}},"2":{"start":{"line":3,"column":10},"end":{"line":3,"column":27}},"3":{"start":{"line":4,"column":16},"end":{"line":4,"column":34}},"4":{"start":{"line":5,"column":15},"end":{"line":5,"column":31}},"5":{"start":{"line":6,"column":17},"end":{"line":6,"column":36}},"6":{"start":{"line":7,"column":17},"end":{"line":7,"column":42}},"7":{"start":{"line":9,"column":0},"end":{"line":21,"column":3}},"8":{"start":{"line":10,"column":20},"end":{"line":10,"column":38}},"9":{"start":{"line":11,"column":2},"end":{"line":11,"column":67}},"10":{"start":{"line":11,"column":13},"end":{"line":11,"column":67}},"11":{"start":{"line":13,"column":13},"end":{"line":13,"column":58}},"12":{"start":{"line":14,"column":2},"end":{"line":14,"column":71}},"13":{"start":{"line":14,"column":13},"end":{"line":14,"column":71}},"14":{"start":{"line":16,"column":24},"end":{"line":16,"column":78}},"15":{"start":{"line":17,"column":2},"end":{"line":17,"column":80}},"16":{"start":{"line":17,"column":22},"end":{"line":17,"column":80}},"17":{"start":{"line":19,"column":16},"end":{"line":19,"column":40}},"18":{"start":{"line":20,"column":2},"end":{"line":20,"column":18}},"19":{"start":{"line":25,"column":17},"end":{"line":28,"column":4}},"20":{"start":{"line":30,"column":2},"end":{"line":30,"column":30}},"21":{"start":{"line":33,"column":0},"end":{"line":33,"column":24}}},"fnMap":{"0":{"name":"(anonymous_0)","decl":{"start":{"line":9,"column":17},"end":{"line":9,"column":18}},"loc":{"start":{"line":9,"column":37},"end":{"line":21,"column":1}},"line":9},"1":{"name":"validate","decl":{"start":{"line":24,"column":9},"end":{"line":24,"column":17}},"loc":{"start":{"line":24,"column":23},"end":{"line":31,"column":1}},"line":24}},"branchMap":{"0":{"loc":{"start":{"line":11,"column":2},"end":{"line":11,"column":67}},"type":"if","locations":[{"start":{"line":11,"column":2},"end":{"line":11,"column":67}},{"start":{},"end":{}}],"line":11},"1":{"loc":{"start":{"line":14,"column":2},"end":{"line":14,"column":71}},"type":"if","locations":[{"start":{"line":14,"column":2},"end":{"line":14,"column":71}},{"start":{},"end":{}}],"line":14},"2":{"loc":{"start":{"line":17,"column":2},"end":{"line":17,"column":80}},"type":"if","locations":[{"start":{"line":17,"column":2},"end":{"line":17,"column":80}},{"start":{},"end":{}}],"line":17}},"s":{"0":3,"1":3,"2":3,"3":3,"4":3,"5":3,"6":3,"7":3,"8":0,"9":0,"10":0,"11":0,"12":0,"13":0,"14":0,"15":0,"16":0,"17":0,"18":0,"19":0,"20":0,"21":3},"f":{"0":0,"1":0},"b":{"0":[0,0],"1":[0,0],"2":[0,0]},"_coverageSchema":"1a1c01bbd47fc00a2c39e90264f33305004495a9","hash":"bdf3de368aad30af5abbbd0ed1fa23e12b136be5"}
,"C:\\Users\\User PC\\Desktop\\vidly\\routes\\customers.js": {"path":"C:\\Users\\User PC\\Desktop\\vidly\\routes\\customers.js","statementMap":{"0":{"start":{"line":1,"column":13},"end":{"line":1,"column":42}},"1":{"start":{"line":2,"column":17},"end":{"line":2,"column":36}},"2":{"start":{"line":3,"column":16},"end":{"line":3,"column":34}},"3":{"start":{"line":4,"column":15},"end":{"line":4,"column":31}},"4":{"start":{"line":5,"column":39},"end":{"line":5,"column":68}},"5":{"start":{"line":7,"column":0},"end":{"line":10,"column":3}},"6":{"start":{"line":8,"column":20},"end":{"line":8,"column":54}},"7":{"start":{"line":9,"column":2},"end":{"line":9,"column":22}},"8":{"start":{"line":12,"column":0},"end":{"line":24,"column":3}},"9":{"start":{"line":13,"column":20},"end":{"line":13,"column":46}},"10":{"start":{"line":14,"column":2},"end":{"line":14,"column":67}},"11":{"start":{"line":14,"column":13},"end":{"line":14,"column":67}},"12":{"start":{"line":16,"column":17},"end":{"line":20,"column":4}},"13":{"start":{"line":21,"column":2},"end":{"line":21,"column":35}},"14":{"start":{"line":23,"column":2},"end":{"line":23,"column":21}},"15":{"start":{"line":26,"column":0},"end":{"line":46,"column":3}},"16":{"start":{"line":27,"column":20},"end":{"line":27,"column":46}},"17":{"start":{"line":28,"column":2},"end":{"line":28,"column":67}},"18":{"start":{"line":28,"column":13},"end":{"line":28,"column":67}},"19":{"start":{"line":30,"column":26},"end":{"line":38,"column":3}},"20":{"start":{"line":40,"column":2},"end":{"line":43,"column":61}},"21":{"start":{"line":41,"column":4},"end":{"line":43,"column":61}},"22":{"start":{"line":45,"column":2},"end":{"line":45,"column":28}},"23":{"start":{"line":48,"column":0},"end":{"line":57,"column":3}},"24":{"start":{"line":49,"column":26},"end":{"line":49,"column":73}},"25":{"start":{"line":51,"column":2},"end":{"line":54,"column":61}},"26":{"start":{"line":52,"column":4},"end":{"line":54,"column":61}},"27":{"start":{"line":56,"column":2},"end":{"line":56,"column":28}},"28":{"start":{"line":59,"column":0},"end":{"line":68,"column":3}},"29":{"start":{"line":60,"column":19},"end":{"line":60,"column":72}},"30":{"start":{"line":62,"column":2},"end":{"line":65,"column":61}},"31":{"start":{"line":63,"column":4},"end":{"line":65,"column":61}},"32":{"start":{"line":67,"column":2},"end":{"line":67,"column":21}},"33":{"start":{"line":70,"column":0},"end":{"line":70,"column":24}}},"fnMap":{"0":{"name":"(anonymous_0)","decl":{"start":{"line":7,"column":16},"end":{"line":7,"column":17}},"loc":{"start":{"line":7,"column":36},"end":{"line":10,"column":1}},"line":7},"1":{"name":"(anonymous_1)","decl":{"start":{"line":12,"column":22},"end":{"line":12,"column":23}},"loc":{"start":{"line":12,"column":42},"end":{"line":24,"column":1}},"line":12},"2":{"name":"(anonymous_2)","decl":{"start":{"line":26,"column":24},"end":{"line":26,"column":25}},"loc":{"start":{"line":26,"column":44},"end":{"line":46,"column":1}},"line":26},"3":{"name":"(anonymous_3)","decl":{"start":{"line":48,"column":27},"end":{"line":48,"column":28}},"loc":{"start":{"line":48,"column":47},"end":{"line":57,"column":1}},"line":48},"4":{"name":"(anonymous_4)","decl":{"start":{"line":59,"column":24},"end":{"line":59,"column":25}},"loc":{"start":{"line":59,"column":44},"end":{"line":68,"column":1}},"line":59}},"branchMap":{"0":{"loc":{"start":{"line":14,"column":2},"end":{"line":14,"column":67}},"type":"if","locations":[{"start":{"line":14,"column":2},"end":{"line":14,"column":67}},{"start":{},"end":{}}],"line":14},"1":{"loc":{"start":{"line":28,"column":2},"end":{"line":28,"column":67}},"type":"if","locations":[{"start":{"line":28,"column":2},"end":{"line":28,"column":67}},{"start":{},"end":{}}],"line":28},"2":{"loc":{"start":{"line":40,"column":2},"end":{"line":43,"column":61}},"type":"if","locations":[{"start":{"line":40,"column":2},"end":{"line":43,"column":61}},{"start":{},"end":{}}],"line":40},"3":{"loc":{"start":{"line":51,"column":2},"end":{"line":54,"column":61}},"type":"if","locations":[{"start":{"line":51,"column":2},"end":{"line":54,"column":61}},{"start":{},"end":{}}],"line":51},"4":{"loc":{"start":{"line":62,"column":2},"end":{"line":65,"column":61}},"type":"if","locations":[{"start":{"line":62,"column":2},"end":{"line":65,"column":61}},{"start":{},"end":{}}],"line":62}},"s":{"0":3,"1":3,"2":3,"3":3,"4":3,"5":3,"6":0,"7":0,"8":3,"9":0,"10":0,"11":0,"12":0,"13":0,"14":0,"15":3,"16":0,"17":0,"18":0,"19":0,"20":0,"21":0,"22":0,"23":3,"24":0,"25":0,"26":0,"27":0,"28":3,"29":0,"30":0,"31":0,"32":0,"33":3},"f":{"0":0,"1":0,"2":0,"3":0,"4":0},"b":{"0":[0,0],"1":[0,0],"2":[0,0],"3":[0,0],"4":[0,0]},"_coverageSchema":"1a1c01bbd47fc00a2c39e90264f33305004495a9","hash":"54ddc7f71f2b1cfcc2ac5e47fd0c0b4fec63452c"}
,"C:\\Users\\User PC\\Desktop\\vidly\\routes\\genres.js": {"path":"C:\\Users\\User PC\\Desktop\\vidly\\routes\\genres.js","statementMap":{"0":{"start":{"line":1,"column":25},"end":{"line":1,"column":66}},"1":{"start":{"line":2,"column":13},"end":{"line":2,"column":42}},"2":{"start":{"line":3,"column":14},"end":{"line":3,"column":44}},"3":{"start":{"line":4,"column":28},"end":{"line":4,"column":54}},"4":{"start":{"line":5,"column":17},"end":{"line":5,"column":36}},"5":{"start":{"line":6,"column":16},"end":{"line":6,"column":34}},"6":{"start":{"line":7,"column":15},"end":{"line":7,"column":31}},"7":{"start":{"line":9,"column":0},"end":{"line":14,"column":3}},"8":{"start":{"line":10,"column":17},"end":{"line":12,"column":17}},"9":{"start":{"line":13,"column":2},"end":{"line":13,"column":19}},"10":{"start":{"line":16,"column":0},"end":{"line":24,"column":3}},"11":{"start":{"line":17,"column":20},"end":{"line":17,"column":38}},"12":{"start":{"line":18,"column":2},"end":{"line":18,"column":67}},"13":{"start":{"line":18,"column":13},"end":{"line":18,"column":67}},"14":{"start":{"line":20,"column":14},"end":{"line":20,"column":48}},"15":{"start":{"line":21,"column":2},"end":{"line":21,"column":29}},"16":{"start":{"line":23,"column":2},"end":{"line":23,"column":18}},"17":{"start":{"line":26,"column":0},"end":{"line":42,"column":3}},"18":{"start":{"line":27,"column":20},"end":{"line":27,"column":38}},"19":{"start":{"line":28,"column":2},"end":{"line":28,"column":67}},"20":{"start":{"line":28,"column":13},"end":{"line":28,"column":67}},"21":{"start":{"line":30,"column":16},"end":{"line":36,"column":3}},"22":{"start":{"line":38,"column":2},"end":{"line":39,"column":78}},"23":{"start":{"line":39,"column":4},"end":{"line":39,"column":78}},"24":{"start":{"line":41,"column":2},"end":{"line":41,"column":18}},"25":{"start":{"line":44,"column":0},"end":{"line":51,"column":3}},"26":{"start":{"line":45,"column":16},"end":{"line":45,"column":60}},"27":{"start":{"line":47,"column":2},"end":{"line":48,"column":78}},"28":{"start":{"line":48,"column":4},"end":{"line":48,"column":78}},"29":{"start":{"line":50,"column":2},"end":{"line":50,"column":18}},"30":{"start":{"line":53,"column":0},"end":{"line":60,"column":3}},"31":{"start":{"line":54,"column":16},"end":{"line":54,"column":66}},"32":{"start":{"line":56,"column":2},"end":{"line":57,"column":78}},"33":{"start":{"line":57,"column":4},"end":{"line":57,"column":78}},"34":{"start":{"line":59,"column":2},"end":{"line":59,"column":18}},"35":{"start":{"line":62,"column":0},"end":{"line":62,"column":24}}},"fnMap":{"0":{"name":"(anonymous_0)","decl":{"start":{"line":9,"column":16},"end":{"line":9,"column":17}},"loc":{"start":{"line":9,"column":36},"end":{"line":14,"column":1}},"line":9},"1":{"name":"(anonymous_1)","decl":{"start":{"line":16,"column":23},"end":{"line":16,"column":24}},"loc":{"start":{"line":16,"column":43},"end":{"line":24,"column":1}},"line":16},"2":{"name":"(anonymous_2)","decl":{"start":{"line":26,"column":45},"end":{"line":26,"column":46}},"loc":{"start":{"line":26,"column":65},"end":{"line":42,"column":1}},"line":26},"3":{"name":"(anonymous_3)","decl":{"start":{"line":44,"column":55},"end":{"line":44,"column":56}},"loc":{"start":{"line":44,"column":75},"end":{"line":51,"column":1}},"line":44},"4":{"name":"(anonymous_4)","decl":{"start":{"line":53,"column":37},"end":{"line":53,"column":38}},"loc":{"start":{"line":53,"column":57},"end":{"line":60,"column":1}},"line":53}},"branchMap":{"0":{"loc":{"start":{"line":18,"column":2},"end":{"line":18,"column":67}},"type":"if","locations":[{"start":{"line":18,"column":2},"end":{"line":18,"column":67}},{"start":{},"end":{}}],"line":18},"1":{"loc":{"start":{"line":28,"column":2},"end":{"line":28,"column":67}},"type":"if","locations":[{"start":{"line":28,"column":2},"end":{"line":28,"column":67}},{"start":{},"end":{}}],"line":28},"2":{"loc":{"start":{"line":38,"column":2},"end":{"line":39,"column":78}},"type":"if","locations":[{"start":{"line":38,"column":2},"end":{"line":39,"column":78}},{"start":{},"end":{}}],"line":38},"3":{"loc":{"start":{"line":47,"column":2},"end":{"line":48,"column":78}},"type":"if","locations":[{"start":{"line":47,"column":2},"end":{"line":48,"column":78}},{"start":{},"end":{}}],"line":47},"4":{"loc":{"start":{"line":56,"column":2},"end":{"line":57,"column":78}},"type":"if","locations":[{"start":{"line":56,"column":2},"end":{"line":57,"column":78}},{"start":{},"end":{}}],"line":56}},"s":{"0":3,"1":3,"2":3,"3":3,"4":3,"5":3,"6":3,"7":3,"8":0,"9":0,"10":3,"11":5,"12":5,"13":2,"14":3,"15":3,"16":3,"17":3,"18":5,"19":5,"20":2,"21":3,"22":3,"23":1,"24":2,"25":3,"26":3,"27":3,"28":1,"29":2,"30":3,"31":2,"32":2,"33":1,"34":1,"35":3},"f":{"0":0,"1":5,"2":5,"3":3,"4":2},"b":{"0":[2,3],"1":[2,3],"2":[1,2],"3":[1,2],"4":[1,1]},"_coverageSchema":"1a1c01bbd47fc00a2c39e90264f33305004495a9","hash":"703fdafef523cd7e5ad227c8e085866b1a865eb9"}
,"C:\\Users\\User PC\\Desktop\\vidly\\routes\\movies.js": {"path":"C:\\Users\\User PC\\Desktop\\vidly\\routes\\movies.js","statementMap":{"0":{"start":{"line":1,"column":28},"end":{"line":1,"column":54}},"1":{"start":{"line":2,"column":18},"end":{"line":2,"column":44}},"2":{"start":{"line":3,"column":13},"end":{"line":3,"column":42}},"3":{"start":{"line":4,"column":14},"end":{"line":4,"column":44}},"4":{"start":{"line":5,"column":25},"end":{"line":5,"column":66}},"5":{"start":{"line":6,"column":15},"end":{"line":6,"column":32}},"6":{"start":{"line":7,"column":17},"end":{"line":7,"column":36}},"7":{"start":{"line":8,"column":16},"end":{"line":8,"column":34}},"8":{"start":{"line":9,"column":15},"end":{"line":9,"column":31}},"9":{"start":{"line":11,"column":0},"end":{"line":16,"column":3}},"10":{"start":{"line":12,"column":17},"end":{"line":14,"column":17}},"11":{"start":{"line":15,"column":2},"end":{"line":15,"column":19}},"12":{"start":{"line":18,"column":0},"end":{"line":38,"column":3}},"13":{"start":{"line":19,"column":20},"end":{"line":19,"column":38}},"14":{"start":{"line":20,"column":2},"end":{"line":20,"column":67}},"15":{"start":{"line":20,"column":13},"end":{"line":20,"column":67}},"16":{"start":{"line":22,"column":16},"end":{"line":22,"column":54}},"17":{"start":{"line":23,"column":2},"end":{"line":23,"column":60}},"18":{"start":{"line":23,"column":14},"end":{"line":23,"column":60}},"19":{"start":{"line":25,"column":16},"end":{"line":34,"column":4}},"20":{"start":{"line":35,"column":2},"end":{"line":35,"column":21}},"21":{"start":{"line":37,"column":2},"end":{"line":37,"column":18}},"22":{"start":{"line":40,"column":0},"end":{"line":65,"column":3}},"23":{"start":{"line":41,"column":20},"end":{"line":41,"column":38}},"24":{"start":{"line":42,"column":2},"end":{"line":42,"column":67}},"25":{"start":{"line":42,"column":13},"end":{"line":42,"column":67}},"26":{"start":{"line":44,"column":16},"end":{"line":44,"column":54}},"27":{"start":{"line":45,"column":2},"end":{"line":45,"column":60}},"28":{"start":{"line":45,"column":14},"end":{"line":45,"column":60}},"29":{"start":{"line":47,"column":16},"end":{"line":59,"column":3}},"30":{"start":{"line":61,"column":2},"end":{"line":62,"column":78}},"31":{"start":{"line":62,"column":4},"end":{"line":62,"column":78}},"32":{"start":{"line":64,"column":2},"end":{"line":64,"column":18}},"33":{"start":{"line":67,"column":0},"end":{"line":74,"column":3}},"34":{"start":{"line":68,"column":16},"end":{"line":68,"column":60}},"35":{"start":{"line":70,"column":2},"end":{"line":71,"column":78}},"36":{"start":{"line":71,"column":4},"end":{"line":71,"column":78}},"37":{"start":{"line":73,"column":2},"end":{"line":73,"column":18}},"38":{"start":{"line":76,"column":0},"end":{"line":83,"column":3}},"39":{"start":{"line":77,"column":16},"end":{"line":77,"column":66}},"40":{"start":{"line":79,"column":2},"end":{"line":80,"column":78}},"41":{"start":{"line":80,"column":4},"end":{"line":80,"column":78}},"42":{"start":{"line":82,"column":2},"end":{"line":82,"column":18}},"43":{"start":{"line":85,"column":0},"end":{"line":85,"column":24}}},"fnMap":{"0":{"name":"(anonymous_0)","decl":{"start":{"line":11,"column":16},"end":{"line":11,"column":17}},"loc":{"start":{"line":11,"column":36},"end":{"line":16,"column":1}},"line":11},"1":{"name":"(anonymous_1)","decl":{"start":{"line":18,"column":24},"end":{"line":18,"column":25}},"loc":{"start":{"line":18,"column":44},"end":{"line":38,"column":1}},"line":18},"2":{"name":"(anonymous_2)","decl":{"start":{"line":40,"column":27},"end":{"line":40,"column":28}},"loc":{"start":{"line":40,"column":47},"end":{"line":65,"column":1}},"line":40},"3":{"name":"(anonymous_3)","decl":{"start":{"line":67,"column":36},"end":{"line":67,"column":37}},"loc":{"start":{"line":67,"column":56},"end":{"line":74,"column":1}},"line":67},"4":{"name":"(anonymous_4)","decl":{"start":{"line":76,"column":37},"end":{"line":76,"column":38}},"loc":{"start":{"line":76,"column":57},"end":{"line":83,"column":1}},"line":76}},"branchMap":{"0":{"loc":{"start":{"line":20,"column":2},"end":{"line":20,"column":67}},"type":"if","locations":[{"start":{"line":20,"column":2},"end":{"line":20,"column":67}},{"start":{},"end":{}}],"line":20},"1":{"loc":{"start":{"line":23,"column":2},"end":{"line":23,"column":60}},"type":"if","locations":[{"start":{"line":23,"column":2},"end":{"line":23,"column":60}},{"start":{},"end":{}}],"line":23},"2":{"loc":{"start":{"line":42,"column":2},"end":{"line":42,"column":67}},"type":"if","locations":[{"start":{"line":42,"column":2},"end":{"line":42,"column":67}},{"start":{},"end":{}}],"line":42},"3":{"loc":{"start":{"line":45,"column":2},"end":{"line":45,"column":60}},"type":"if","locations":[{"start":{"line":45,"column":2},"end":{"line":45,"column":60}},{"start":{},"end":{}}],"line":45},"4":{"loc":{"start":{"line":61,"column":2},"end":{"line":62,"column":78}},"type":"if","locations":[{"start":{"line":61,"column":2},"end":{"line":62,"column":78}},{"start":{},"end":{}}],"line":61},"5":{"loc":{"start":{"line":70,"column":2},"end":{"line":71,"column":78}},"type":"if","locations":[{"start":{"line":70,"column":2},"end":{"line":71,"column":78}},{"start":{},"end":{}}],"line":70},"6":{"loc":{"start":{"line":79,"column":2},"end":{"line":80,"column":78}},"type":"if","locations":[{"start":{"line":79,"column":2},"end":{"line":80,"column":78}},{"start":{},"end":{}}],"line":79}},"s":{"0":3,"1":3,"2":3,"3":3,"4":3,"5":3,"6":3,"7":3,"8":3,"9":3,"10":0,"11":0,"12":3,"13":0,"14":0,"15":0,"16":0,"17":0,"18":0,"19":0,"20":0,"21":0,"22":3,"23":0,"24":0,"25":0,"26":0,"27":0,"28":0,"29":0,"30":0,"31":0,"32":0,"33":3,"34":0,"35":0,"36":0,"37":0,"38":3,"39":0,"40":0,"41":0,"42":0,"43":3},"f":{"0":0,"1":0,"2":0,"3":0,"4":0},"b":{"0":[0,0],"1":[0,0],"2":[0,0],"3":[0,0],"4":[0,0],"5":[0,0],"6":[0,0]},"_coverageSchema":"1a1c01bbd47fc00a2c39e90264f33305004495a9","hash":"8c046c203b5906a9e76cb536a49872475e7ddb36"}
,"C:\\Users\\User PC\\Desktop\\vidly\\routes\\rentals.js": {"path":"C:\\Users\\User PC\\Desktop\\vidly\\routes\\rentals.js","statementMap":{"0":{"start":{"line":1,"column":13},"end":{"line":1,"column":42}},"1":{"start":{"line":2,"column":35},"end":{"line":2,"column":62}},"2":{"start":{"line":3,"column":18},"end":{"line":3,"column":44}},"3":{"start":{"line":4,"column":21},"end":{"line":4,"column":50}},"4":{"start":{"line":5,"column":17},"end":{"line":5,"column":36}},"5":{"start":{"line":6,"column":13},"end":{"line":6,"column":28}},"6":{"start":{"line":7,"column":16},"end":{"line":7,"column":34}},"7":{"start":{"line":8,"column":15},"end":{"line":8,"column":31}},"8":{"start":{"line":10,"column":0},"end":{"line":10,"column":20}},"9":{"start":{"line":12,"column":0},"end":{"line":17,"column":3}},"10":{"start":{"line":13,"column":18},"end":{"line":15,"column":21}},"11":{"start":{"line":16,"column":2},"end":{"line":16,"column":20}},"12":{"start":{"line":19,"column":0},"end":{"line":61,"column":3}},"13":{"start":{"line":20,"column":20},"end":{"line":20,"column":44}},"14":{"start":{"line":21,"column":2},"end":{"line":21,"column":67}},"15":{"start":{"line":21,"column":13},"end":{"line":21,"column":67}},"16":{"start":{"line":23,"column":19},"end":{"line":23,"column":63}},"17":{"start":{"line":24,"column":2},"end":{"line":24,"column":66}},"18":{"start":{"line":24,"column":17},"end":{"line":24,"column":66}},"19":{"start":{"line":26,"column":16},"end":{"line":26,"column":54}},"20":{"start":{"line":27,"column":2},"end":{"line":27,"column":60}},"21":{"start":{"line":27,"column":14},"end":{"line":27,"column":60}},"22":{"start":{"line":29,"column":2},"end":{"line":30,"column":55}},"23":{"start":{"line":30,"column":4},"end":{"line":30,"column":55}},"24":{"start":{"line":32,"column":15},"end":{"line":43,"column":4}},"25":{"start":{"line":45,"column":2},"end":{"line":60,"column":3}},"26":{"start":{"line":46,"column":4},"end":{"line":55,"column":13}},"27":{"start":{"line":57,"column":4},"end":{"line":57,"column":21}},"28":{"start":{"line":59,"column":4},"end":{"line":59,"column":46}},"29":{"start":{"line":63,"column":0},"end":{"line":70,"column":3}},"30":{"start":{"line":64,"column":17},"end":{"line":64,"column":68}},"31":{"start":{"line":66,"column":2},"end":{"line":67,"column":79}},"32":{"start":{"line":67,"column":4},"end":{"line":67,"column":79}},"33":{"start":{"line":69,"column":2},"end":{"line":69,"column":19}},"34":{"start":{"line":72,"column":0},"end":{"line":72,"column":24}}},"fnMap":{"0":{"name":"(anonymous_0)","decl":{"start":{"line":12,"column":21},"end":{"line":12,"column":22}},"loc":{"start":{"line":12,"column":41},"end":{"line":17,"column":1}},"line":12},"1":{"name":"(anonymous_1)","decl":{"start":{"line":19,"column":22},"end":{"line":19,"column":23}},"loc":{"start":{"line":19,"column":42},"end":{"line":61,"column":1}},"line":19},"2":{"name":"(anonymous_2)","decl":{"start":{"line":63,"column":28},"end":{"line":63,"column":29}},"loc":{"start":{"line":63,"column":48},"end":{"line":70,"column":1}},"line":63}},"branchMap":{"0":{"loc":{"start":{"line":21,"column":2},"end":{"line":21,"column":67}},"type":"if","locations":[{"start":{"line":21,"column":2},"end":{"line":21,"column":67}},{"start":{},"end":{}}],"line":21},"1":{"loc":{"start":{"line":24,"column":2},"end":{"line":24,"column":66}},"type":"if","locations":[{"start":{"line":24,"column":2},"end":{"line":24,"column":66}},{"start":{},"end":{}}],"line":24},"2":{"loc":{"start":{"line":27,"column":2},"end":{"line":27,"column":60}},"type":"if","locations":[{"start":{"line":27,"column":2},"end":{"line":27,"column":60}},{"start":{},"end":{}}],"line":27},"3":{"loc":{"start":{"line":29,"column":2},"end":{"line":30,"column":55}},"type":"if","locations":[{"start":{"line":29,"column":2},"end":{"line":30,"column":55}},{"start":{},"end":{}}],"line":29},"4":{"loc":{"start":{"line":66,"column":2},"end":{"line":67,"column":79}},"type":"if","locations":[{"start":{"line":66,"column":2},"end":{"line":67,"column":79}},{"start":{},"end":{}}],"line":66}},"s":{"0":3,"1":3,"2":3,"3":3,"4":3,"5":3,"6":3,"7":3,"8":3,"9":3,"10":0,"11":0,"12":3,"13":0,"14":0,"15":0,"16":0,"17":0,"18":0,"19":0,"20":0,"21":0,"22":0,"23":0,"24":0,"25":0,"26":0,"27":0,"28":0,"29":3,"30":0,"31":0,"32":0,"33":0,"34":3},"f":{"0":0,"1":0,"2":0},"b":{"0":[0,0],"1":[0,0],"2":[0,0],"3":[0,0],"4":[0,0]},"_coverageSchema":"1a1c01bbd47fc00a2c39e90264f33305004495a9","hash":"3a87e7e632c76959bbedcdccf61b4a4c84cfaa49"}
,"C:\\Users\\User PC\\Desktop\\vidly\\routes\\returns.js": {"path":"C:\\Users\\User PC\\Desktop\\vidly\\routes\\returns.js","statementMap":{"0":{"start":{"line":1,"column":12},"end":{"line":1,"column":26}},"1":{"start":{"line":2,"column":17},"end":{"line":2,"column":50}},"2":{"start":{"line":3,"column":19},"end":{"line":3,"column":46}},"3":{"start":{"line":4,"column":18},"end":{"line":4,"column":44}},"4":{"start":{"line":5,"column":13},"end":{"line":5,"column":42}},"5":{"start":{"line":6,"column":16},"end":{"line":6,"column":34}},"6":{"start":{"line":7,"column":15},"end":{"line":7,"column":31}},"7":{"start":{"line":9,"column":0},"end":{"line":32,"column":3}},"8":{"start":{"line":10,"column":2},"end":{"line":31,"column":3}},"9":{"start":{"line":11,"column":19},"end":{"line":11,"column":77}},"10":{"start":{"line":13,"column":4},"end":{"line":13,"column":66}},"11":{"start":{"line":13,"column":17},"end":{"line":13,"column":66}},"12":{"start":{"line":15,"column":4},"end":{"line":16,"column":63}},"13":{"start":{"line":16,"column":6},"end":{"line":16,"column":63}},"14":{"start":{"line":18,"column":4},"end":{"line":18,"column":20}},"15":{"start":{"line":19,"column":4},"end":{"line":19,"column":24}},"16":{"start":{"line":21,"column":4},"end":{"line":26,"column":6}},"17":{"start":{"line":28,"column":4},"end":{"line":28,"column":28}},"18":{"start":{"line":30,"column":4},"end":{"line":30,"column":57}},"19":{"start":{"line":35,"column":17},"end":{"line":38,"column":4}},"20":{"start":{"line":40,"column":2},"end":{"line":40,"column":30}},"21":{"start":{"line":43,"column":0},"end":{"line":43,"column":24}}},"fnMap":{"0":{"name":"(anonymous_0)","decl":{"start":{"line":9,"column":51},"end":{"line":9,"column":52}},"loc":{"start":{"line":9,"column":71},"end":{"line":32,"column":1}},"line":9},"1":{"name":"validateReturn","decl":{"start":{"line":34,"column":9},"end":{"line":34,"column":23}},"loc":{"start":{"line":34,"column":29},"end":{"line":41,"column":1}},"line":34}},"branchMap":{"0":{"loc":{"start":{"line":13,"column":4},"end":{"line":13,"column":66}},"type":"if","locations":[{"start":{"line":13,"column":4},"end":{"line":13,"column":66}},{"start":{},"end":{}}],"line":13},"1":{"loc":{"start":{"line":15,"column":4},"end":{"line":16,"column":63}},"type":"if","locations":[{"start":{"line":15,"column":4},"end":{"line":16,"column":63}},{"start":{},"end":{}}],"line":15}},"s":{"0":3,"1":3,"2":3,"3":3,"4":3,"5":3,"6":3,"7":3,"8":7,"9":7,"10":7,"11":1,"12":6,"13":1,"14":5,"15":5,"16":5,"17":5,"18":0,"19":9,"20":9,"21":3},"f":{"0":7,"1":9},"b":{"0":[1,6],"1":[1,5]},"_coverageSchema":"1a1c01bbd47fc00a2c39e90264f33305004495a9","hash":"1ae2d3d3f66c3177519459c44290f5ce9986df16"}
,"C:\\Users\\User PC\\Desktop\\vidly\\routes\\users.js": {"path":"C:\\Users\\User PC\\Desktop\\vidly\\routes\\users.js","statementMap":{"0":{"start":{"line":1,"column":13},"end":{"line":1,"column":42}},"1":{"start":{"line":2,"column":15},"end":{"line":2,"column":32}},"2":{"start":{"line":3,"column":10},"end":{"line":3,"column":27}},"3":{"start":{"line":4,"column":27},"end":{"line":4,"column":52}},"4":{"start":{"line":5,"column":16},"end":{"line":5,"column":34}},"5":{"start":{"line":6,"column":15},"end":{"line":6,"column":31}},"6":{"start":{"line":8,"column":0},"end":{"line":11,"column":3}},"7":{"start":{"line":9,"column":15},"end":{"line":9,"column":68}},"8":{"start":{"line":10,"column":2},"end":{"line":10,"column":17}},"9":{"start":{"line":13,"column":0},"end":{"line":27,"column":3}},"10":{"start":{"line":14,"column":20},"end":{"line":14,"column":38}},"11":{"start":{"line":15,"column":2},"end":{"line":15,"column":67}},"12":{"start":{"line":15,"column":13},"end":{"line":15,"column":67}},"13":{"start":{"line":17,"column":13},"end":{"line":17,"column":58}},"14":{"start":{"line":18,"column":2},"end":{"line":18,"column":68}},"15":{"start":{"line":18,"column":12},"end":{"line":18,"column":68}},"16":{"start":{"line":20,"column":2},"end":{"line":20,"column":67}},"17":{"start":{"line":21,"column":15},"end":{"line":21,"column":39}},"18":{"start":{"line":22,"column":2},"end":{"line":22,"column":57}},"19":{"start":{"line":23,"column":2},"end":{"line":23,"column":20}},"20":{"start":{"line":25,"column":16},"end":{"line":25,"column":40}},"21":{"start":{"line":26,"column":2},"end":{"line":26,"column":81}},"22":{"start":{"line":29,"column":0},"end":{"line":29,"column":24}}},"fnMap":{"0":{"name":"(anonymous_0)","decl":{"start":{"line":8,"column":24},"end":{"line":8,"column":25}},"loc":{"start":{"line":8,"column":44},"end":{"line":11,"column":1}},"line":8},"1":{"name":"(anonymous_1)","decl":{"start":{"line":13,"column":17},"end":{"line":13,"column":18}},"loc":{"start":{"line":13,"column":37},"end":{"line":27,"column":1}},"line":13}},"branchMap":{"0":{"loc":{"start":{"line":15,"column":2},"end":{"line":15,"column":67}},"type":"if","locations":[{"start":{"line":15,"column":2},"end":{"line":15,"column":67}},{"start":{},"end":{}}],"line":15},"1":{"loc":{"start":{"line":18,"column":2},"end":{"line":18,"column":68}},"type":"if","locations":[{"start":{"line":18,"column":2},"end":{"line":18,"column":68}},{"start":{},"end":{}}],"line":18}},"s":{"0":3,"1":3,"2":3,"3":3,"4":3,"5":3,"6":3,"7":0,"8":0,"9":3,"10":0,"11":0,"12":0,"13":0,"14":0,"15":0,"16":0,"17":0,"18":0,"19":0,"20":0,"21":0,"22":3},"f":{"0":0,"1":0},"b":{"0":[0,0],"1":[0,0]},"_coverageSchema":"1a1c01bbd47fc00a2c39e90264f33305004495a9","hash":"29587fadac013db7f0b2abff1fad826739d586ea"}
,"C:\\Users\\User PC\\Desktop\\vidly\\startup\\config.js": {"path":"C:\\Users\\User PC\\Desktop\\vidly\\startup\\config.js","statementMap":{"0":{"start":{"line":1,"column":15},"end":{"line":1,"column":32}},"1":{"start":{"line":3,"column":0},"end":{"line":7,"column":1}},"2":{"start":{"line":4,"column":2},"end":{"line":6,"column":3}},"3":{"start":{"line":5,"column":4},"end":{"line":5,"column":66}}},"fnMap":{"0":{"name":"(anonymous_0)","decl":{"start":{"line":3,"column":17},"end":{"line":3,"column":18}},"loc":{"start":{"line":3,"column":28},"end":{"line":7,"column":1}},"line":3}},"branchMap":{"0":{"loc":{"start":{"line":4,"column":2},"end":{"line":6,"column":3}},"type":"if","locations":[{"start":{"line":4,"column":2},"end":{"line":6,"column":3}},{"start":{},"end":{}}],"line":4}},"s":{"0":3,"1":3,"2":3,"3":0},"f":{"0":3},"b":{"0":[0,3]},"_coverageSchema":"1a1c01bbd47fc00a2c39e90264f33305004495a9","hash":"3c0594deb8f2da1bee541b5b55aefd46baa541ee"}
,"C:\\Users\\User PC\\Desktop\\vidly\\startup\\db.js": {"path":"C:\\Users\\User PC\\Desktop\\vidly\\startup\\db.js","statementMap":{"0":{"start":{"line":1,"column":16},"end":{"line":1,"column":34}},"1":{"start":{"line":2,"column":17},"end":{"line":2,"column":36}},"2":{"start":{"line":3,"column":15},"end":{"line":3,"column":32}},"3":{"start":{"line":5,"column":0},"end":{"line":11,"column":2}},"4":{"start":{"line":6,"column":13},"end":{"line":6,"column":29}},"5":{"start":{"line":7,"column":2},"end":{"line":10,"column":73}},"6":{"start":{"line":9,"column":16},"end":{"line":9,"column":53}},"7":{"start":{"line":10,"column":20},"end":{"line":10,"column":71}}},"fnMap":{"0":{"name":"(anonymous_0)","decl":{"start":{"line":5,"column":17},"end":{"line":5,"column":18}},"loc":{"start":{"line":5,"column":29},"end":{"line":11,"column":1}},"line":5},"1":{"name":"(anonymous_1)","decl":{"start":{"line":9,"column":10},"end":{"line":9,"column":11}},"loc":{"start":{"line":9,"column":16},"end":{"line":9,"column":53}},"line":9},"2":{"name":"(anonymous_2)","decl":{"start":{"line":10,"column":11},"end":{"line":10,"column":12}},"loc":{"start":{"line":10,"column":20},"end":{"line":10,"column":71}},"line":10}},"branchMap":{},"s":{"0":3,"1":3,"2":3,"3":3,"4":3,"5":3,"6":3,"7":0},"f":{"0":3,"1":3,"2":0},"b":{},"_coverageSchema":"1a1c01bbd47fc00a2c39e90264f33305004495a9","hash":"f699a59bb8ba4ab263df62f65790a61ed76d922a"}
,"C:\\Users\\User PC\\Desktop\\vidly\\startup\\logging.js": {"path":"C:\\Users\\User PC\\Desktop\\vidly\\startup\\logging.js","statementMap":{"0":{"start":{"line":1,"column":16},"end":{"line":1,"column":34}},"1":{"start":{"line":2,"column":0},"end":{"line":2,"column":27}},"2":{"start":{"line":3,"column":0},"end":{"line":3,"column":32}},"3":{"start":{"line":5,"column":0},"end":{"line":32,"column":2}},"4":{"start":{"line":6,"column":2},"end":{"line":9,"column":4}},"5":{"start":{"line":11,"column":2},"end":{"line":14,"column":5}},"6":{"start":{"line":12,"column":4},"end":{"line":12,"column":46}},"7":{"start":{"line":13,"column":4},"end":{"line":13,"column":20}},"8":{"start":{"line":16,"column":2},"end":{"line":21,"column":6}},"9":{"start":{"line":23,"column":2},"end":{"line":23,"column":72}},"10":{"start":{"line":25,"column":2},"end":{"line":31,"column":6}}},"fnMap":{"0":{"name":"(anonymous_0)","decl":{"start":{"line":5,"column":17},"end":{"line":5,"column":18}},"loc":{"start":{"line":5,"column":29},"end":{"line":32,"column":1}},"line":5},"1":{"name":"(anonymous_1)","decl":{"start":{"line":11,"column":35},"end":{"line":11,"column":36}},"loc":{"start":{"line":11,"column":43},"end":{"line":14,"column":3}},"line":11}},"branchMap":{},"s":{"0":3,"1":3,"2":3,"3":3,"4":3,"5":3,"6":0,"7":0,"8":3,"9":3,"10":3},"f":{"0":3,"1":0},"b":{},"_coverageSchema":"1a1c01bbd47fc00a2c39e90264f33305004495a9","hash":"6f355af9e90bc2188fc4792cc1d2eeb313f58580"}
,"C:\\Users\\User PC\\Desktop\\vidly\\startup\\routes.js": {"path":"C:\\Users\\User PC\\Desktop\\vidly\\startup\\routes.js","statementMap":{"0":{"start":{"line":1,"column":16},"end":{"line":1,"column":34}},"1":{"start":{"line":2,"column":15},"end":{"line":2,"column":42}},"2":{"start":{"line":3,"column":18},"end":{"line":3,"column":48}},"3":{"start":{"line":4,"column":15},"end":{"line":4,"column":42}},"4":{"start":{"line":5,"column":16},"end":{"line":5,"column":44}},"5":{"start":{"line":6,"column":14},"end":{"line":6,"column":40}},"6":{"start":{"line":7,"column":13},"end":{"line":7,"column":38}},"7":{"start":{"line":8,"column":16},"end":{"line":8,"column":44}},"8":{"start":{"line":9,"column":14},"end":{"line":9,"column":44}},"9":{"start":{"line":11,"column":0},"end":{"line":21,"column":1}},"10":{"start":{"line":12,"column":2},"end":{"line":12,"column":26}},"11":{"start":{"line":13,"column":2},"end":{"line":13,"column":33}},"12":{"start":{"line":14,"column":2},"end":{"line":14,"column":39}},"13":{"start":{"line":15,"column":2},"end":{"line":15,"column":33}},"14":{"start":{"line":16,"column":2},"end":{"line":16,"column":35}},"15":{"start":{"line":17,"column":2},"end":{"line":17,"column":31}},"16":{"start":{"line":18,"column":2},"end":{"line":18,"column":29}},"17":{"start":{"line":19,"column":2},"end":{"line":19,"column":35}},"18":{"start":{"line":20,"column":2},"end":{"line":20,"column":17}}},"fnMap":{"0":{"name":"(anonymous_0)","decl":{"start":{"line":11,"column":17},"end":{"line":11,"column":18}},"loc":{"start":{"line":11,"column":31},"end":{"line":21,"column":1}},"line":11}},"branchMap":{},"s":{"0":3,"1":3,"2":3,"3":3,"4":3,"5":3,"6":3,"7":3,"8":3,"9":3,"10":3,"11":3,"12":3,"13":3,"14":3,"15":3,"16":3,"17":3,"18":3},"f":{"0":3},"b":{},"_coverageSchema":"1a1c01bbd47fc00a2c39e90264f33305004495a9","hash":"e4ceb0507961693bedaea7384de072df49bc75d9"}
,"C:\\Users\\User PC\\Desktop\\vidly\\startup\\validation.js": {"path":"C:\\Users\\User PC\\Desktop\\vidly\\startup\\validation.js","statementMap":{"0":{"start":{"line":1,"column":12},"end":{"line":1,"column":26}},"1":{"start":{"line":3,"column":0},"end":{"line":5,"column":1}},"2":{"start":{"line":4,"column":2},"end":{"line":4,"column":46}}},"fnMap":{"0":{"name":"(anonymous_0)","decl":{"start":{"line":3,"column":17},"end":{"line":3,"column":18}},"loc":{"start":{"line":3,"column":28},"end":{"line":5,"column":1}},"line":3}},"branchMap":{},"s":{"0":3,"1":3,"2":3},"f":{"0":3},"b":{},"_coverageSchema":"1a1c01bbd47fc00a2c39e90264f33305004495a9","hash":"b825a0ffc0c20292eaa3f9f934f577909ee95237"}
}
